Using pre-set license
Built from '2020.3/release' branch; Version is '2020.3.15f2 (6cf78cb77498) revision 7141260'; Using compiler version '192528614'; Build Type 'Release'
OS: 'Windows 10 Home Single Language; OS build 22000.282; Version 2009; 64bit' Language: 'en' Physical Memory: 8013 MB
BatchMode: 1, IsHumanControllingUs: 0, StartBugReporterOnCrash: 0, Is64bit: 1, IsPro: 0

 COMMAND LINE ARGUMENTS:
C:\Program Files\Unity\Hub\Editor\2020.3.15f2\Editor\Unity.exe
-adb2
-batchMode
-noUpm
-name
AssetImportWorker0
-projectPath
C:/Users/Elias/Documents/Thesis project
-logFile
Logs/AssetImportWorker0.log
-srvPort
64415
Successfully changed project path to: C:/Users/Elias/Documents/Thesis project
C:/Users/Elias/Documents/Thesis project
Using Asset Import Pipeline V2.
Refreshing native plugins compatible for Editor in 76.74 ms, found 3 plugins.
Preloading 0 native plugins for Editor in 0.00 ms.
Initialize engine version: 2020.3.15f2 (6cf78cb77498)
[Subsystems] Discovering subsystems at path C:/Program Files/Unity/Hub/Editor/2020.3.15f2/Editor/Data/Resources/UnitySubsystems
[Subsystems] Discovering subsystems at path C:/Users/Elias/Documents/Thesis project/Assets
GfxDevice: creating device client; threaded=0
Direct3D:
    Version:  Direct3D 11.0 [level 11.1]
    Renderer: NVIDIA GeForce GTX 1650 with Max-Q Design (ID=0x1f9d)
    Vendor:   
    VRAM:     3962 MB
    Driver:   30.0.14.7196
Initialize mono
Mono path[0] = 'C:/Program Files/Unity/Hub/Editor/2020.3.15f2/Editor/Data/Managed'
Mono path[1] = 'C:/Program Files/Unity/Hub/Editor/2020.3.15f2/Editor/Data/MonoBleedingEdge/lib/mono/unityjit'
Mono config path = 'C:/Program Files/Unity/Hub/Editor/2020.3.15f2/Editor/Data/MonoBleedingEdge/etc'
Using monoOptions --debugger-agent=transport=dt_socket,embedding=1,server=y,suspend=n,address=127.0.0.1:56300
Begin MonoManager ReloadAssembly
Registering precompiled unity dll's ...
Register platform support module: C:/Program Files/Unity/Hub/Editor/2020.3.15f2/Editor/Data/PlaybackEngines/WebGLSupport/UnityEditor.WebGL.Extensions.dll
Register platform support module: C:/Program Files/Unity/Hub/Editor/2020.3.15f2/Editor/Data/PlaybackEngines/WindowsStandaloneSupport/UnityEditor.WindowsStandalone.Extensions.dll
Registered in 0.003838 seconds.
Native extension for WindowsStandalone target not found
Native extension for WebGL target not found
Refreshing native plugins compatible for Editor in 38.62 ms, found 3 plugins.
Preloading 0 native plugins for Editor in 0.00 ms.
Mono: successfully reloaded assembly
- Completed reload, in  3.674 seconds
Domain Reload Profiling:
	ReloadAssembly (3674ms)
		BeginReloadAssembly (45ms)
			ExecutionOrderSort (0ms)
			DisableScriptedObjects (0ms)
			BackupInstance (0ms)
			ReleaseScriptingObjects (0ms)
			CreateAndSetChildDomain (1ms)
		EndReloadAssembly (404ms)
			LoadAssemblies (44ms)
			RebuildTransferFunctionScriptingTraits (0ms)
			SetupTypeCache (145ms)
			ReleaseScriptCaches (0ms)
			RebuildScriptCaches (32ms)
			SetupLoadedEditorAssemblies (163ms)
				LogAssemblyErrors (0ms)
				InitializePlatformSupportModulesInManaged (5ms)
				SetLoadedEditorAssemblies (0ms)
				RefreshPlugins (39ms)
				BeforeProcessingInitializeOnLoad (14ms)
				ProcessInitializeOnLoadAttributes (79ms)
				ProcessInitializeOnLoadMethodAttributes (26ms)
				AfterProcessingInitializeOnLoad (0ms)
				EditorAssembliesLoaded (0ms)
			ExecutionOrderSort2 (0ms)
			AwakeInstancesAfterBackupRestoration (0ms)
Platform modules already initialized, skipping
Registering precompiled user dll's ...
Registered in 0.011970 seconds.
Begin MonoManager ReloadAssembly
Native extension for WindowsStandalone target not found
Native extension for WebGL target not found
Refreshing native plugins compatible for Editor in 36.33 ms, found 3 plugins.
Preloading 0 native plugins for Editor in 0.00 ms.
Mono: successfully reloaded assembly
- Completed reload, in  2.590 seconds
Domain Reload Profiling:
	ReloadAssembly (2596ms)
		BeginReloadAssembly (132ms)
			ExecutionOrderSort (0ms)
			DisableScriptedObjects (4ms)
			BackupInstance (0ms)
			ReleaseScriptingObjects (0ms)
			CreateAndSetChildDomain (17ms)
		EndReloadAssembly (2407ms)
			LoadAssemblies (1586ms)
			RebuildTransferFunctionScriptingTraits (0ms)
			SetupTypeCache (275ms)
			ReleaseScriptCaches (0ms)
			RebuildScriptCaches (43ms)
			SetupLoadedEditorAssemblies (375ms)
				LogAssemblyErrors (0ms)
				InitializePlatformSupportModulesInManaged (4ms)
				SetLoadedEditorAssemblies (0ms)
				RefreshPlugins (36ms)
				BeforeProcessingInitializeOnLoad (77ms)
				ProcessInitializeOnLoadAttributes (241ms)
				ProcessInitializeOnLoadMethodAttributes (12ms)
				AfterProcessingInitializeOnLoad (4ms)
				EditorAssembliesLoaded (0ms)
			ExecutionOrderSort2 (0ms)
			AwakeInstancesAfterBackupRestoration (6ms)
Platform modules already initialized, skipping
========================================================================
Worker process is ready to serve import requests
Launched and connected shader compiler UnityShaderCompiler.exe after 0.07 seconds
Refreshing native plugins compatible for Editor in 0.43 ms, found 3 plugins.
Preloading 0 native plugins for Editor in 0.00 ms.
Unloading 2090 Unused Serialized files (Serialized files now loaded: 0)
System memory in use before: 93.1 MB.
System memory in use after: 93.0 MB.

Unloading 33 unused Assets to reduce memory usage. Loaded Objects now: 2523.
Total: 2.508300 ms (FindLiveObjects: 0.195100 ms CreateObjectMapping: 0.086000 ms MarkObjects: 2.111800 ms  DeleteObjects: 0.114200 ms)

AssetImportParameters requested are different than current active one (requested -> active):
  custom:framework-win-MediaFoundation: 216162199b28c13a410421893ffa2e32 -> 
  custom:video-decoder-ogg-theora: a1e56fd34408186e4bbccfd4996cb3dc -> 
  custom:container-muxer-webm: aa71ff27fc2769a1b78a27578f13a17b -> 
  custom:container-demuxer-webm: 4f35f7cbe854078d1ac9338744f61a02 -> 
  custom:container-demuxer-ogg: 62fdf1f143b41e24485cea50d1cbac27 -> 
  custom:video-encoder-webm-vp8: eb34c28f22e8b96e1ab97ce403110664 -> 
  custom:video-decoder-webm-vp8: 9c59270c3fd7afecdb556c50c9e8de78 -> 
  custom:audio-decoder-ogg-vorbis: bf7c407c2cedff20999df2af8eb42d56 -> 
  custom:audio-encoder-webm-vorbis: bf7c407c2cedff20999df2af8eb42d56 -> 
========================================================================
Received Import Request.
  path: Assets/Sprite Sheets
  artifactKey: Guid(7ec31487bfbdb2e4390ae7ee16893d57) Importer(815301076,1909f56bfc062723c751e8b465ee728b)
Start importing Assets/Sprite Sheets using Guid(7ec31487bfbdb2e4390ae7ee16893d57) Importer(815301076,1909f56bfc062723c751e8b465ee728b)  -> (artifact id: '500a5dae693387057a426db3e9c6b756') in 0.009829 seconds 
  Import took 0.013253 seconds .

========================================================================
Received Import Request.
  Time since last request: 32.291823 seconds.
  path: Assets/Sprite Sheets/Golem
  artifactKey: Guid(7c35fc4ceb4ae254b8c5a476df5f3c20) Importer(815301076,1909f56bfc062723c751e8b465ee728b)
Start importing Assets/Sprite Sheets/Golem using Guid(7c35fc4ceb4ae254b8c5a476df5f3c20) Importer(815301076,1909f56bfc062723c751e8b465ee728b)  -> (artifact id: '6041bf2285e14edf78d8b5da9f98c85c') in 0.010133 seconds 
  Import took 0.014246 seconds .

========================================================================
Received Import Request.
  Time since last request: 0.053930 seconds.
  path: Assets/Sprite Sheets/Golem/armless.png
  artifactKey: Guid(b62800f73f6145749a0cafb95f24e192) Importer(815301076,1909f56bfc062723c751e8b465ee728b)
Start importing Assets/Sprite Sheets/Golem/armless.png using Guid(b62800f73f6145749a0cafb95f24e192) Importer(815301076,1909f56bfc062723c751e8b465ee728b)  -> (artifact id: '2b4fd12ae772a896aef628e064622571') in 0.125300 seconds 
  Import took 0.128421 seconds .

========================================================================
Received Import Request.
  Time since last request: 0.000163 seconds.
  path: Assets/Sprite Sheets/Golem/idle.png
  artifactKey: Guid(bd91bb1e2b0372c449777ccfc0dbe76c) Importer(815301076,1909f56bfc062723c751e8b465ee728b)
Start importing Assets/Sprite Sheets/Golem/idle.png using Guid(bd91bb1e2b0372c449777ccfc0dbe76c) Importer(815301076,1909f56bfc062723c751e8b465ee728b)  -> (artifact id: 'ff0743ef020271c0320bb69e46fc8f05') in 0.015082 seconds 
  Import took 0.018894 seconds .

========================================================================
Received Import Request.
  Time since last request: 0.000236 seconds.
  path: Assets/Sprite Sheets/Golem/deathA.png
  artifactKey: Guid(a50d81f2e75e2024eae153cf1ace9ff5) Importer(815301076,1909f56bfc062723c751e8b465ee728b)
Start importing Assets/Sprite Sheets/Golem/deathA.png using Guid(a50d81f2e75e2024eae153cf1ace9ff5) Importer(815301076,1909f56bfc062723c751e8b465ee728b)  -> (artifact id: '945ea0e8a18da8f45502e94cd63b4b05') in 0.020650 seconds 
  Import took 0.024695 seconds .

========================================================================
Received Import Request.
  Time since last request: 0.000173 seconds.
  path: Assets/Sprite Sheets/Golem/preLaser.png
  artifactKey: Guid(9b73d79e0e2cff5489c1d235469591c7) Importer(815301076,1909f56bfc062723c751e8b465ee728b)
Start importing Assets/Sprite Sheets/Golem/preLaser.png using Guid(9b73d79e0e2cff5489c1d235469591c7) Importer(815301076,1909f56bfc062723c751e8b465ee728b)  -> (artifact id: '8f0bf1242f27eb7a2340940effde77c0') in 0.021793 seconds 
  Import took 0.026038 seconds .

========================================================================
Received Import Request.
  Time since last request: 0.000315 seconds.
  path: Assets/Sprite Sheets/Golem/shooting.png
  artifactKey: Guid(816764ff8639ef343b2182aac74de472) Importer(815301076,1909f56bfc062723c751e8b465ee728b)
Start importing Assets/Sprite Sheets/Golem/shooting.png using Guid(816764ff8639ef343b2182aac74de472) Importer(815301076,1909f56bfc062723c751e8b465ee728b)  -> (artifact id: '441194835f34e44904d6eb9b94e66ce6') in 0.020629 seconds 
  Import took 0.024823 seconds .

========================================================================
Received Import Request.
  Time since last request: 0.000211 seconds.
  path: Assets/Sprite Sheets/Golem/shinning.png
  artifactKey: Guid(8c9a9473f8f7e9a4eb7efeb0aa6438bd) Importer(815301076,1909f56bfc062723c751e8b465ee728b)
Start importing Assets/Sprite Sheets/Golem/shinning.png using Guid(8c9a9473f8f7e9a4eb7efeb0aa6438bd) Importer(815301076,1909f56bfc062723c751e8b465ee728b)  -> (artifact id: 'bb78d5f0bab0934635858626fa3e52c4') in 0.018325 seconds 
  Import took 0.022254 seconds .

========================================================================
Received Import Request.
  Time since last request: 0.000209 seconds.
  path: Assets/Sprite Sheets/Golem/deathB.png
  artifactKey: Guid(2dd4cac85068ece459e80c527f5bcd89) Importer(815301076,1909f56bfc062723c751e8b465ee728b)
Start importing Assets/Sprite Sheets/Golem/deathB.png using Guid(2dd4cac85068ece459e80c527f5bcd89) Importer(815301076,1909f56bfc062723c751e8b465ee728b)  -> (artifact id: '1723b6b988be38bf35aeccdbaba8a579') in 0.017442 seconds 
  Import took 0.022851 seconds .

========================================================================
Received Import Request.
  Time since last request: 0.000240 seconds.
  path: Assets/Sprite Sheets/Golem/glowing.png
  artifactKey: Guid(21074251f265b5d418c5d699918c124b) Importer(815301076,1909f56bfc062723c751e8b465ee728b)
Start importing Assets/Sprite Sheets/Golem/glowing.png using Guid(21074251f265b5d418c5d699918c124b) Importer(815301076,1909f56bfc062723c751e8b465ee728b)  -> (artifact id: 'd594f6468296a7bc4be51f300fbef0ce') in 0.017451 seconds 
  Import took 0.022330 seconds .

========================================================================
Received Import Request.
  Time since last request: 0.000350 seconds.
  path: Assets/Sprite Sheets/Golem/shield.png
  artifactKey: Guid(64eae0c3f660e1c48a84545dccd12af1) Importer(815301076,1909f56bfc062723c751e8b465ee728b)
Start importing Assets/Sprite Sheets/Golem/shield.png using Guid(64eae0c3f660e1c48a84545dccd12af1) Importer(815301076,1909f56bfc062723c751e8b465ee728b)  -> (artifact id: '45f11cac4b4e91b2e71b848c734bc132') in 0.017418 seconds 
  Import took 0.024053 seconds .

========================================================================
Received Import Request.
  Time since last request: 3.342094 seconds.
  path: Assets
  artifactKey: Guid(00000000000000001000000000000000) Importer(815301076,1909f56bfc062723c751e8b465ee728b)
Start importing Assets using Guid(00000000000000001000000000000000) Importer(815301076,1909f56bfc062723c751e8b465ee728b)  -> (artifact id: '42d402b061de3733987d63b9cc3b64de') in 0.008755 seconds 
  Import took 0.012648 seconds .

========================================================================
Received Import Request.
  Time since last request: 6.915751 seconds.
  path: Assets/Characters
  artifactKey: Guid(36102ee0d7cf4d043a9b996225c61a50) Importer(815301076,1909f56bfc062723c751e8b465ee728b)
Start importing Assets/Characters using Guid(36102ee0d7cf4d043a9b996225c61a50) Importer(815301076,1909f56bfc062723c751e8b465ee728b)  -> (artifact id: 'baaf4ca20bae9af647cc3a98a53fab84') in 0.009722 seconds 
  Import took 0.014467 seconds .

========================================================================
Received Import Request.
  Time since last request: 5.532138 seconds.
  path: Assets/Characters/Golem
  artifactKey: Guid(26812765f336fe14db70eed09615760a) Importer(815301076,1909f56bfc062723c751e8b465ee728b)
Start importing Assets/Characters/Golem using Guid(26812765f336fe14db70eed09615760a) Importer(815301076,1909f56bfc062723c751e8b465ee728b)  -> (artifact id: 'a0b2845917e57d1bed6123213349e7ee') in 0.003412 seconds 
  Import took 0.008205 seconds .

========================================================================
Received Import Request.
  Time since last request: 18.068372 seconds.
  path: Assets/Characters/Golem/Sprite Sheet
  artifactKey: Guid(c3744f4e1ef56fa43928e9bc6a2ab309) Importer(815301076,1909f56bfc062723c751e8b465ee728b)
Start importing Assets/Characters/Golem/Sprite Sheet using Guid(c3744f4e1ef56fa43928e9bc6a2ab309) Importer(815301076,1909f56bfc062723c751e8b465ee728b)  -> (artifact id: '3e7f9b05203d2ca463a69c030d47bb74') in 0.009034 seconds 
  Import took 0.013327 seconds .

========================================================================
Received Import Request.
  Time since last request: 6.943491 seconds.
  path: Assets/Characters/Golem/Sprite Sheets
  artifactKey: Guid(c3744f4e1ef56fa43928e9bc6a2ab309) Importer(815301076,1909f56bfc062723c751e8b465ee728b)
Start importing Assets/Characters/Golem/Sprite Sheets using Guid(c3744f4e1ef56fa43928e9bc6a2ab309) Importer(815301076,1909f56bfc062723c751e8b465ee728b)  -> (artifact id: '34c2554022c2e12eb47608b4d9e03600') in 0.002843 seconds 
  Import took 0.007282 seconds .

========================================================================
Received Import Request.
  Time since last request: 71.870075 seconds.
  path: Assets/Characters/Golem/Sprite Sheets/armless.png
  artifactKey: Guid(b62800f73f6145749a0cafb95f24e192) Importer(815301076,1909f56bfc062723c751e8b465ee728b)
Start importing Assets/Characters/Golem/Sprite Sheets/armless.png using Guid(b62800f73f6145749a0cafb95f24e192) Importer(815301076,1909f56bfc062723c751e8b465ee728b)  -> (artifact id: 'ebbd888fecb0ca93e4d338d426f42916') in 0.013399 seconds 
  Import took 0.017458 seconds .

========================================================================
Received Import Request.
  Time since last request: 0.000200 seconds.
  path: Assets/Characters/Golem/Sprite Sheets/idle.png
  artifactKey: Guid(bd91bb1e2b0372c449777ccfc0dbe76c) Importer(815301076,1909f56bfc062723c751e8b465ee728b)
Start importing Assets/Characters/Golem/Sprite Sheets/idle.png using Guid(bd91bb1e2b0372c449777ccfc0dbe76c) Importer(815301076,1909f56bfc062723c751e8b465ee728b)  -> (artifact id: '5c35987836698808a9bd078a741b99ba') in 0.011564 seconds 
  Import took 0.016116 seconds .

========================================================================
Received Import Request.
  Time since last request: 0.000251 seconds.
  path: Assets/Characters/Golem/Sprite Sheets/deathA.png
  artifactKey: Guid(a50d81f2e75e2024eae153cf1ace9ff5) Importer(815301076,1909f56bfc062723c751e8b465ee728b)
Start importing Assets/Characters/Golem/Sprite Sheets/deathA.png using Guid(a50d81f2e75e2024eae153cf1ace9ff5) Importer(815301076,1909f56bfc062723c751e8b465ee728b)  -> (artifact id: '398b54bb3365d821f55d1cdc6351a427') in 0.013304 seconds 
  Import took 0.018186 seconds .

========================================================================
Received Import Request.
  Time since last request: 0.000400 seconds.
  path: Assets/Characters/Golem/Sprite Sheets/preLaser.png
  artifactKey: Guid(9b73d79e0e2cff5489c1d235469591c7) Importer(815301076,1909f56bfc062723c751e8b465ee728b)
Start importing Assets/Characters/Golem/Sprite Sheets/preLaser.png using Guid(9b73d79e0e2cff5489c1d235469591c7) Importer(815301076,1909f56bfc062723c751e8b465ee728b)  -> (artifact id: '66a97cffca0173660dcf6396ddad875f') in 0.013392 seconds 
  Import took 0.017343 seconds .

========================================================================
Received Import Request.
  Time since last request: 0.000196 seconds.
  path: Assets/Characters/Golem/Sprite Sheets/shooting.png
  artifactKey: Guid(816764ff8639ef343b2182aac74de472) Importer(815301076,1909f56bfc062723c751e8b465ee728b)
Start importing Assets/Characters/Golem/Sprite Sheets/shooting.png using Guid(816764ff8639ef343b2182aac74de472) Importer(815301076,1909f56bfc062723c751e8b465ee728b)  -> (artifact id: '4a73481f5b74b9b53d0918dbe64ac03c') in 0.012037 seconds 
  Import took 0.016344 seconds .

========================================================================
Received Import Request.
  Time since last request: 0.000254 seconds.
  path: Assets/Characters/Golem/Sprite Sheets/shinning.png
  artifactKey: Guid(8c9a9473f8f7e9a4eb7efeb0aa6438bd) Importer(815301076,1909f56bfc062723c751e8b465ee728b)
Start importing Assets/Characters/Golem/Sprite Sheets/shinning.png using Guid(8c9a9473f8f7e9a4eb7efeb0aa6438bd) Importer(815301076,1909f56bfc062723c751e8b465ee728b)  -> (artifact id: '60e997e478105a77004761e713fa8538') in 0.013742 seconds 
  Import took 0.017838 seconds .

========================================================================
Received Import Request.
  Time since last request: 0.000193 seconds.
  path: Assets/Characters/Golem/Sprite Sheets/deathB.png
  artifactKey: Guid(2dd4cac85068ece459e80c527f5bcd89) Importer(815301076,1909f56bfc062723c751e8b465ee728b)
Start importing Assets/Characters/Golem/Sprite Sheets/deathB.png using Guid(2dd4cac85068ece459e80c527f5bcd89) Importer(815301076,1909f56bfc062723c751e8b465ee728b)  -> (artifact id: '79758adc640c0b9878e90a568789e35c') in 0.014521 seconds 
  Import took 0.018475 seconds .

========================================================================
Received Import Request.
  Time since last request: 0.000221 seconds.
  path: Assets/Characters/Golem/Sprite Sheets/glowing.png
  artifactKey: Guid(21074251f265b5d418c5d699918c124b) Importer(815301076,1909f56bfc062723c751e8b465ee728b)
Start importing Assets/Characters/Golem/Sprite Sheets/glowing.png using Guid(21074251f265b5d418c5d699918c124b) Importer(815301076,1909f56bfc062723c751e8b465ee728b)  -> (artifact id: 'ea3e8c9ca8bb36ee652aeeea0b8e6edf') in 0.013598 seconds 
  Import took 0.017041 seconds .

========================================================================
Received Import Request.
  Time since last request: 0.000280 seconds.
  path: Assets/Characters/Golem/Sprite Sheets/shield.png
  artifactKey: Guid(64eae0c3f660e1c48a84545dccd12af1) Importer(815301076,1909f56bfc062723c751e8b465ee728b)
Start importing Assets/Characters/Golem/Sprite Sheets/shield.png using Guid(64eae0c3f660e1c48a84545dccd12af1) Importer(815301076,1909f56bfc062723c751e8b465ee728b)  -> (artifact id: '4fa680b0b08908e6299720e75ffa259f') in 0.012734 seconds 
  Import took 0.015946 seconds .

========================================================================
Received Import Request.
  Time since last request: 63.054994 seconds.
  path: Assets/Characters/Golem/Sprite Sheets/idle.png
  artifactKey: Guid(bd91bb1e2b0372c449777ccfc0dbe76c) Importer(815301076,1909f56bfc062723c751e8b465ee728b)
Start importing Assets/Characters/Golem/Sprite Sheets/idle.png using Guid(bd91bb1e2b0372c449777ccfc0dbe76c) Importer(815301076,1909f56bfc062723c751e8b465ee728b)  -> (artifact id: '737434ba096bd8e2ee1f2d357afc5dc7') in 0.026823 seconds 
  Import took 0.030975 seconds .

========================================================================
Received Prepare
Registering precompiled user dll's ...
Registered in 0.008982 seconds.
Begin MonoManager ReloadAssembly
Native extension for WindowsStandalone target not found
Native extension for WebGL target not found
Refreshing native plugins compatible for Editor in 0.42 ms, found 3 plugins.
Preloading 0 native plugins for Editor in 0.00 ms.
Mono: successfully reloaded assembly
- Completed reload, in  0.992 seconds
Domain Reload Profiling:
	ReloadAssembly (993ms)
		BeginReloadAssembly (107ms)
			ExecutionOrderSort (0ms)
			DisableScriptedObjects (5ms)
			BackupInstance (0ms)
			ReleaseScriptingObjects (0ms)
			CreateAndSetChildDomain (32ms)
		EndReloadAssembly (829ms)
			LoadAssemblies (76ms)
			RebuildTransferFunctionScriptingTraits (0ms)
			SetupTypeCache (275ms)
			ReleaseScriptCaches (1ms)
			RebuildScriptCaches (39ms)
			SetupLoadedEditorAssemblies (341ms)
				LogAssemblyErrors (0ms)
				InitializePlatformSupportModulesInManaged (5ms)
				SetLoadedEditorAssemblies (0ms)
				RefreshPlugins (0ms)
				BeforeProcessingInitializeOnLoad (79ms)
				ProcessInitializeOnLoadAttributes (245ms)
				ProcessInitializeOnLoadMethodAttributes (6ms)
				AfterProcessingInitializeOnLoad (4ms)
				EditorAssembliesLoaded (0ms)
			ExecutionOrderSort2 (0ms)
			AwakeInstancesAfterBackupRestoration (10ms)
Platform modules already initialized, skipping
Refreshing native plugins compatible for Editor in 0.46 ms, found 3 plugins.
Preloading 0 native plugins for Editor in 0.00 ms.
Unloading 2085 Unused Serialized files (Serialized files now loaded: 0)
System memory in use before: 96.0 MB.
System memory in use after: 96.0 MB.

Unloading 21 unused Assets to reduce memory usage. Loaded Objects now: 2535.
Total: 2.349200 ms (FindLiveObjects: 0.191700 ms CreateObjectMapping: 0.085400 ms MarkObjects: 1.979000 ms  DeleteObjects: 0.091900 ms)

AssetImportParameters requested are different than current active one (requested -> active):
  custom:framework-win-MediaFoundation: 216162199b28c13a410421893ffa2e32 -> 
  custom:video-decoder-ogg-theora: a1e56fd34408186e4bbccfd4996cb3dc -> 
  custom:container-muxer-webm: aa71ff27fc2769a1b78a27578f13a17b -> 
  custom:container-demuxer-webm: 4f35f7cbe854078d1ac9338744f61a02 -> 
  custom:container-demuxer-ogg: 62fdf1f143b41e24485cea50d1cbac27 -> 
  custom:video-encoder-webm-vp8: eb34c28f22e8b96e1ab97ce403110664 -> 
  custom:video-decoder-webm-vp8: 9c59270c3fd7afecdb556c50c9e8de78 -> 
  custom:audio-decoder-ogg-vorbis: bf7c407c2cedff20999df2af8eb42d56 -> 
  custom:audio-encoder-webm-vorbis: bf7c407c2cedff20999df2af8eb42d56 -> 
========================================================================
Received Import Request.
  Time since last request: 398.920651 seconds.
  path: Assets/Characters/Golem/Animations/AnimationClip.anim
  artifactKey: Guid(6ab67a3cad94af147924e7f2186d6bba) Importer(815301076,1909f56bfc062723c751e8b465ee728b)
Start importing Assets/Characters/Golem/Animations/AnimationClip.anim using Guid(6ab67a3cad94af147924e7f2186d6bba) Importer(815301076,1909f56bfc062723c751e8b465ee728b)  -> (artifact id: '5f86f2a0da0377dec660005ab894f8ac') in 0.027040 seconds 
  Import took 0.030681 seconds .

========================================================================
Received Import Request.
  Time since last request: 3.521927 seconds.
  path: Assets/Characters/Golem/Animations/idle.anim
  artifactKey: Guid(6ab67a3cad94af147924e7f2186d6bba) Importer(815301076,1909f56bfc062723c751e8b465ee728b)
Start importing Assets/Characters/Golem/Animations/idle.anim using Guid(6ab67a3cad94af147924e7f2186d6bba) Importer(815301076,1909f56bfc062723c751e8b465ee728b)  -> (artifact id: '0507250f5931ac9c92d8a0636f7cd4ae') in 0.003431 seconds 
  Import took 0.008228 seconds .

========================================================================
Received Import Request.
  Time since last request: 15.850162 seconds.
  path: Assets/Characters/Golem/Animations
  artifactKey: Guid(61cf324f6ad766e4a84249af641d6a91) Importer(815301076,1909f56bfc062723c751e8b465ee728b)
Start importing Assets/Characters/Golem/Animations using Guid(61cf324f6ad766e4a84249af641d6a91) Importer(815301076,1909f56bfc062723c751e8b465ee728b)  -> (artifact id: 'da80c1b362379995d67b3e4cbe2f7a72') in 0.007684 seconds 
  Import took 0.012453 seconds .

========================================================================
Received Import Request.
  Time since last request: 7.661888 seconds.
  path: Assets/Characters/Golem/Sprite Sheets/idle 1.png
  artifactKey: Guid(633a2c2a545c3be4d8d425489c70e9ea) Importer(815301076,1909f56bfc062723c751e8b465ee728b)
Start importing Assets/Characters/Golem/Sprite Sheets/idle 1.png using Guid(633a2c2a545c3be4d8d425489c70e9ea) Importer(815301076,1909f56bfc062723c751e8b465ee728b)  -> (artifact id: 'da6a90db929548e31bfa983d2d67f0ed') in 0.056761 seconds 
  Import took 0.060081 seconds .

========================================================================
Received Import Request.
  Time since last request: 446.862164 seconds.
  path: Assets/Characters/Golem/Sprite Sheets/shield.png
  artifactKey: Guid(64eae0c3f660e1c48a84545dccd12af1) Importer(815301076,1909f56bfc062723c751e8b465ee728b)
Start importing Assets/Characters/Golem/Sprite Sheets/shield.png using Guid(64eae0c3f660e1c48a84545dccd12af1) Importer(815301076,1909f56bfc062723c751e8b465ee728b)  -> (artifact id: '67713455bf6850d96681a473b8f0b78b') in 0.039987 seconds 
  Import took 0.044081 seconds .

========================================================================
Received Import Request.
  Time since last request: 83.803669 seconds.
  path: Assets/Characters/Golem/Sprite Sheets/shooting.png
  artifactKey: Guid(816764ff8639ef343b2182aac74de472) Importer(815301076,1909f56bfc062723c751e8b465ee728b)
Start importing Assets/Characters/Golem/Sprite Sheets/shooting.png using Guid(816764ff8639ef343b2182aac74de472) Importer(815301076,1909f56bfc062723c751e8b465ee728b)  -> (artifact id: 'b68282ebe9b0e59d7a4ec697bd1c9715') in 0.044060 seconds 
  Import took 0.048155 seconds .

========================================================================
Received Import Request.
  Time since last request: 38.416735 seconds.
  path: Assets/Characters/Golem/Sprite Sheets/shinning.png
  artifactKey: Guid(8c9a9473f8f7e9a4eb7efeb0aa6438bd) Importer(815301076,1909f56bfc062723c751e8b465ee728b)
Start importing Assets/Characters/Golem/Sprite Sheets/shinning.png using Guid(8c9a9473f8f7e9a4eb7efeb0aa6438bd) Importer(815301076,1909f56bfc062723c751e8b465ee728b)  -> (artifact id: '004279e26cb0623f6cc3ee13c25cb464') in 0.050539 seconds 
  Import took 0.054924 seconds .

========================================================================
Received Import Request.
  Time since last request: 37.107117 seconds.
  path: Assets/Characters/Golem/Sprite Sheets/deathA.png
  artifactKey: Guid(a50d81f2e75e2024eae153cf1ace9ff5) Importer(815301076,1909f56bfc062723c751e8b465ee728b)
Start importing Assets/Characters/Golem/Sprite Sheets/deathA.png using Guid(a50d81f2e75e2024eae153cf1ace9ff5) Importer(815301076,1909f56bfc062723c751e8b465ee728b)  -> (artifact id: '2dd6762fa5e3ba4af62aa6c3a07e4067') in 0.050612 seconds 
  Import took 0.054350 seconds .

========================================================================
Received Import Request.
  Time since last request: 6.529963 seconds.
  path: Assets/Characters/Golem/Sprite Sheets/deathB.png
  artifactKey: Guid(2dd4cac85068ece459e80c527f5bcd89) Importer(815301076,1909f56bfc062723c751e8b465ee728b)
Start importing Assets/Characters/Golem/Sprite Sheets/deathB.png using Guid(2dd4cac85068ece459e80c527f5bcd89) Importer(815301076,1909f56bfc062723c751e8b465ee728b)  -> (artifact id: '58f258938b483d3d355ebe41540a6a0b') in 0.029984 seconds 
  Import took 0.033952 seconds .

========================================================================
Received Import Request.
  Time since last request: 79.377326 seconds.
  path: Assets/Characters/Golem/Sprite Sheets/preLaser.png
  artifactKey: Guid(9b73d79e0e2cff5489c1d235469591c7) Importer(815301076,1909f56bfc062723c751e8b465ee728b)
Start importing Assets/Characters/Golem/Sprite Sheets/preLaser.png using Guid(9b73d79e0e2cff5489c1d235469591c7) Importer(815301076,1909f56bfc062723c751e8b465ee728b)  -> (artifact id: '3a57f0ac040576a33235384cbf560336') in 0.045480 seconds 
  Import took 0.051207 seconds .

========================================================================
Received Import Request.
  Time since last request: 33.173406 seconds.
  path: Assets/Characters/Golem/Sprite Sheets/armless.png
  artifactKey: Guid(b62800f73f6145749a0cafb95f24e192) Importer(815301076,1909f56bfc062723c751e8b465ee728b)
Start importing Assets/Characters/Golem/Sprite Sheets/armless.png using Guid(b62800f73f6145749a0cafb95f24e192) Importer(815301076,1909f56bfc062723c751e8b465ee728b)  -> (artifact id: '3907a557b79db04a8a2c6c883882acca') in 0.040023 seconds 
  Import took 0.043865 seconds .

AssetImportWorkerClient::OnTransportError - code=2 error=End of file
